<?xml version="1.0" encoding="UTF-8"?>
<!-- Generated by org.testng.reporters.JUnitReportReporter -->
<testsuite skipped="0" hostname="IN1252698W1" name="org.leaftaps.testcases.TC002_CreateLead" tests="3" failures="0" timestamp="2020-04-01T01:20:01 IST" time="56.675" errors="0">
  <testcase name="createLead" time="19.059" classname="org.leaftaps.testcases.TC002_CreateLead"/>
  <testcase name="createLead" time="17.460" classname="org.leaftaps.testcases.TC002_CreateLead"/>
  <testcase name="createLead" time="20.156" classname="org.leaftaps.testcases.TC002_CreateLead"/>
</testsuite> <!-- org.leaftaps.testcases.TC002_CreateLead -->
