<?xml version="1.0" encoding="UTF-8"?>
<!-- Generated by org.testng.reporters.JUnitReportReporter -->
<testsuite skipped="0" hostname="IN1252698W1" name="org.leaftaps.testcases.TC001_LoginLogout" tests="2" failures="0" timestamp="2020-04-04T23:32:02 IST" time="23.441" errors="0">
  <testcase name="loginLogOut" time="10.775" classname="org.leaftaps.testcases.TC001_LoginLogout"/>
  <testcase name="loginLogOut" time="12.666" classname="org.leaftaps.testcases.TC001_LoginLogout"/>
</testsuite> <!-- org.leaftaps.testcases.TC001_LoginLogout -->
