<?xml version="1.0" encoding="UTF-8"?>
<!-- Generated by org.testng.reporters.JUnitReportReporter -->
<testsuite skipped="0" hostname="IN1252698W1" name="Runner.RunTest" tests="1" failures="0" timestamp="2020-04-06T13:13:06 IST" time="21.767" errors="0">
  <testcase name="runScenario" time="21.767" classname="Runner.RunTest"/>
</testsuite> <!-- Runner.RunTest -->
