<?xml version="1.0" encoding="UTF-8"?>
<!-- Generated by org.testng.reporters.JUnitReportReporter -->
<testsuite skipped="0" hostname="IN1252698W1" name="org.leaftaps.testcases.TC003_EditLead" tests="1" failures="0" timestamp="2020-04-01T01:16:03 IST" time="32.430" errors="0">
  <testcase name="editLead" time="32.430" classname="org.leaftaps.testcases.TC003_EditLead"/>
</testsuite> <!-- org.leaftaps.testcases.TC003_EditLead -->
